RXSDK/RXSDK-Android/demo/app/build/intermediates/manifest_merge_blame_file/xiaomiRelease/manifest-merger-blame-xiaomi-release-report.txt
1<?xml version="1.0" encoding="utf-8"?>
2<manifest xmlns:android="http://schemas.android.com/apk/res/android"
3    package="com.weile.jxmj"
4    android:versionCode="1004"
5    android:versionName="1000.0.4" >
6
7    <uses-sdk
8        android:minSdkVersion="23"
8-->src/main/AndroidManifest.xml
9        android:targetSdkVersion="30" />
9-->src/main/AndroidManifest.xml
10
11    <uses-permission android:name="android.permission.ACCESS_WIFI_STATE" />
11-->[:demo:app_rxsdk_demo] AndroidManifest.xml:8:5-76
11-->[:demo:app_rxsdk_demo] AndroidManifest.xml:8:22-73
12    <uses-permission android:name="android.permission.ACCESS_NETWORK_STATE" />
12-->[:demo:app_rxsdk_demo] AndroidManifest.xml:9:5-79
12-->[:demo:app_rxsdk_demo] AndroidManifest.xml:9:22-76
13    <uses-permission android:name="com.android.launcher.permission.INSTALL_SHORTCUT" />
13-->[:demo:app_rxsdk_demo] AndroidManifest.xml:10:5-88
13-->[:demo:app_rxsdk_demo] AndroidManifest.xml:10:22-85
14    <uses-permission android:name="com.ruixue.clipper.CLIPPER" />
14-->[:demo:app_rxsdk_demo] AndroidManifest.xml:11:5-66
14-->[:demo:app_rxsdk_demo] AndroidManifest.xml:11:22-63
15    <uses-permission android:name="android.permission.WRITE_SECURE_SETTINGS" /> <!-- 权限测试 -->
15-->[:demo:app_rxsdk_demo] AndroidManifest.xml:12:5-14:47
15-->[:demo:app_rxsdk_demo] AndroidManifest.xml:13:9-64
16    <uses-permission android:name="android.permission.CAMERA" />
16-->[:demo:app_rxsdk_demo] AndroidManifest.xml:17:5-65
16-->[:demo:app_rxsdk_demo] AndroidManifest.xml:17:22-62
17    <uses-permission android:name="android.permission.SYSTEM_ALERT_WINDOW" />
17-->[:demo:app_rxsdk_demo] AndroidManifest.xml:18:5-78
17-->[:demo:app_rxsdk_demo] AndroidManifest.xml:18:22-75
18    <uses-permission android:name="android.permission.READ_CALENDAR" />
18-->[:demo:app_rxsdk_demo] AndroidManifest.xml:19:5-72
18-->[:demo:app_rxsdk_demo] AndroidManifest.xml:19:22-69
19    <uses-permission android:name="android.permission.WRITE_CALENDAR" />
19-->[:demo:app_rxsdk_demo] AndroidManifest.xml:20:5-73
19-->[:demo:app_rxsdk_demo] AndroidManifest.xml:20:22-70
20    <uses-permission android:name="android.permission.ANSWER_PHONE_CALLS" />
20-->[:demo:app_rxsdk_demo] AndroidManifest.xml:21:5-77
20-->[:demo:app_rxsdk_demo] AndroidManifest.xml:21:22-74
21    <uses-permission android:name="android.permission.READ_PHONE_NUMBERS" />
21-->[:demo:app_rxsdk_demo] AndroidManifest.xml:22:5-77
21-->[:demo:app_rxsdk_demo] AndroidManifest.xml:22:22-74
22    <uses-permission android:name="android.permission.READ_MEDIA_IMAGES" />
22-->[:demo:app_rxsdk_demo] AndroidManifest.xml:23:5-76
22-->[:demo:app_rxsdk_demo] AndroidManifest.xml:23:22-73
23    <uses-permission android:name="android.permission.READ_MEDIA_VIDEO" />
23-->[:demo:app_rxsdk_demo] AndroidManifest.xml:24:5-75
23-->[:demo:app_rxsdk_demo] AndroidManifest.xml:24:22-72
24    <uses-permission android:name="android.permission.PACKAGE_USAGE_STATS" />
24-->[:demo:app_rxsdk_demo] AndroidManifest.xml:25:5-27:47
24-->[:demo:app_rxsdk_demo] AndroidManifest.xml:26:9-62
25    <uses-permission android:name="android.permission.WRITE_SETTINGS" />
25-->[:demo:app_rxsdk_demo] AndroidManifest.xml:28:5-30:47
25-->[:demo:app_rxsdk_demo] AndroidManifest.xml:29:9-57
26    <uses-permission android:name="android.permission.ACCESS_MEDIA_LOCATION" />
26-->[:demo:app_rxsdk_demo] AndroidManifest.xml:31:5-80
26-->[:demo:app_rxsdk_demo] AndroidManifest.xml:31:22-77
27    <uses-permission android:name="android.permission.READ_EXTERNAL_STORAGE" />
27-->[:demo:app_rxsdk_demo] AndroidManifest.xml:32:5-80
27-->[:demo:app_rxsdk_demo] AndroidManifest.xml:32:22-77
28    <uses-permission android:name="android.permission.WRITE_EXTERNAL_STORAGE" /> <!-- <uses-permission android:name="android.permission.RECORD_AUDIO" /> -->
28-->[:demo:app_rxsdk_demo] AndroidManifest.xml:33:5-81
28-->[:demo:app_rxsdk_demo] AndroidManifest.xml:33:22-78
29    <uses-permission android:name="android.permission.QUERY_ALL_PACKAGES" /> <!-- <uses-permission android:name="android.permission.ACCESS_FINE_LOCATION" /> -->
29-->[:demo:app_rxsdk_demo] AndroidManifest.xml:36:5-77
29-->[:demo:app_rxsdk_demo] AndroidManifest.xml:36:22-74
30    <!-- <uses-permission android:name="android.permission.ACCESS_COARSE_LOCATION" /> -->
31    <!-- <uses-permission android:name="android.permission.ACCESS_BACKGROUND_LOCATION" /> -->
32    <uses-permission android:name="android.permission.SEND_SMS" />
32-->[:demo:app_rxsdk_demo] AndroidManifest.xml:41:5-67
32-->[:demo:app_rxsdk_demo] AndroidManifest.xml:41:22-64
33    <uses-permission android:name="android.permission.RECEIVE_SMS" />
33-->[:demo:app_rxsdk_demo] AndroidManifest.xml:42:5-70
33-->[:demo:app_rxsdk_demo] AndroidManifest.xml:42:22-67
34    <uses-permission android:name="android.permission.READ_PHONE_STATE" />
34-->[:demo:app_rxsdk_demo] AndroidManifest.xml:43:5-75
34-->[:demo:app_rxsdk_demo] AndroidManifest.xml:43:22-72
35    <uses-permission android:name="android.permission.BODY_SENSORS" />
35-->[:demo:app_rxsdk_demo] AndroidManifest.xml:44:5-71
35-->[:demo:app_rxsdk_demo] AndroidManifest.xml:44:22-68
36    <uses-permission android:name="android.permission.ACTIVITY_RECOGNITION" />
36-->[:demo:app_rxsdk_demo] AndroidManifest.xml:45:5-79
36-->[:demo:app_rxsdk_demo] AndroidManifest.xml:45:22-76
37    <uses-permission
37-->[:demo:app_rxsdk_demo] AndroidManifest.xml:46:5-48:38
38        android:name="android.permission.BLUETOOTH"
38-->[:demo:app_rxsdk_demo] AndroidManifest.xml:47:9-52
39        android:maxSdkVersion="30" />
39-->[:demo:app_rxsdk_demo] AndroidManifest.xml:48:9-35
40    <uses-permission
40-->[:demo:app_rxsdk_demo] AndroidManifest.xml:49:5-51:38
41        android:name="android.permission.BLUETOOTH_ADMIN"
41-->[:demo:app_rxsdk_demo] AndroidManifest.xml:50:9-58
42        android:maxSdkVersion="30" />
42-->[:demo:app_rxsdk_demo] AndroidManifest.xml:51:9-35
43    <uses-permission
43-->[:demo:app_rxsdk_demo] AndroidManifest.xml:52:5-55:31
44        android:name="android.permission.BLUETOOTH_SCAN"
44-->[:demo:app_rxsdk_demo] AndroidManifest.xml:53:9-57
45        android:usesPermissionFlags="neverForLocation" />
45-->[:demo:app_rxsdk_demo] AndroidManifest.xml:54:9-55
46    <uses-permission android:name="android.permission.BLUETOOTH_ADVERTISE" />
46-->[:demo:app_rxsdk_demo] AndroidManifest.xml:56:5-78
46-->[:demo:app_rxsdk_demo] AndroidManifest.xml:56:22-75
47    <uses-permission android:name="android.permission.BLUETOOTH_CONNECT" />
47-->[:demo:app_rxsdk_demo] AndroidManifest.xml:57:5-76
47-->[:demo:app_rxsdk_demo] AndroidManifest.xml:57:22-73
48    <uses-permission android:name="android.permission.SCHEDULE_EXACT_ALARM" />
48-->[:demo:app_rxsdk_demo] AndroidManifest.xml:58:5-60:47
48-->[:demo:app_rxsdk_demo] AndroidManifest.xml:59:9-63
49    <uses-permission android:name="android.permission.ACCESS_NOTIFICATION_POLICY" />
49-->[:demo:app_rxsdk_demo] AndroidManifest.xml:61:5-85
49-->[:demo:app_rxsdk_demo] AndroidManifest.xml:61:22-82
50    <uses-permission android:name="android.permission.REQUEST_IGNORE_BATTERY_OPTIMIZATIONS" />
50-->[:demo:app_rxsdk_demo] AndroidManifest.xml:62:5-95
50-->[:demo:app_rxsdk_demo] AndroidManifest.xml:62:22-92
51    <uses-permission android:name="android.permission.INTERNET" />
51-->[:rxsdk_feedback_ui] AndroidManifest.xml:8:5-67
51-->[:rxsdk_feedback_ui] AndroidManifest.xml:8:22-64
52    <uses-permission android:name="android.permission.READ_MEDIA_VISUAL_USER_SELECTED" />
52-->[:rxsdk_feedback_ui] AndroidManifest.xml:15:5-90
52-->[:rxsdk_feedback_ui] AndroidManifest.xml:15:22-87
53    <uses-permission android:name="com.xiaomi.sdk.permission.PAYMENT" />
53-->[:channel:rxsdk_xiaomi] AndroidManifest.xml:11:5-73
53-->[:channel:rxsdk_xiaomi] AndroidManifest.xml:11:22-70
54    <uses-permission android:name="com.xiaomi.permission.AUTH_SERVICE" />
54-->[:channel:rxsdk_xiaomi] AndroidManifest.xml:12:5-74
54-->[:channel:rxsdk_xiaomi] AndroidManifest.xml:12:22-71
55    <uses-permission android:name="android.permission.REQUEST_INSTALL_PACKAGES" /> <!-- Xiaomi SDK Need -->
55-->[:channel:rxsdk_xiaomi] AndroidManifest.xml:13:5-83
55-->[:channel:rxsdk_xiaomi] AndroidManifest.xml:13:22-80
56    <queries>
56-->[:channel:rxsdk_xiaomi] AndroidManifest.xml:16:5-26:15
57        <package android:name="com.xiaomi.gamecenter" />
57-->[:channel:rxsdk_xiaomi] AndroidManifest.xml:17:9-57
57-->[:channel:rxsdk_xiaomi] AndroidManifest.xml:17:18-54
58        <package android:name="com.xiaomi.gamecenter.sdk.service" />
58-->[:channel:rxsdk_xiaomi] AndroidManifest.xml:18:9-69
58-->[:channel:rxsdk_xiaomi] AndroidManifest.xml:18:18-66
59        <package android:name="com.eg.android.AlipayGphone" />
59-->[:channel:rxsdk_xiaomi] AndroidManifest.xml:19:9-63
59-->[:channel:rxsdk_xiaomi] AndroidManifest.xml:19:18-60
60        <package android:name="com.tencent.mm" />
60-->[:channel:rxsdk_xiaomi] AndroidManifest.xml:20:9-50
60-->[:channel:rxsdk_xiaomi] AndroidManifest.xml:20:18-47
61        <package android:name="com.tencent.mobileqq" />
61-->[:channel:rxsdk_xiaomi] AndroidManifest.xml:21:9-56
61-->[:channel:rxsdk_xiaomi] AndroidManifest.xml:21:18-53
62        <package android:name="com.sina.weibo" />
62-->[:channel:rxsdk_xiaomi] AndroidManifest.xml:22:9-50
62-->[:channel:rxsdk_xiaomi] AndroidManifest.xml:22:18-47
63        <package android:name="com.miui.cloudservice" />
63-->[:channel:rxsdk_xiaomi] AndroidManifest.xml:23:9-57
63-->[:channel:rxsdk_xiaomi] AndroidManifest.xml:23:18-54
64        <package android:name="com.xiaomi.xmsf" />
64-->[:channel:rxsdk_xiaomi] AndroidManifest.xml:24:9-51
64-->[:channel:rxsdk_xiaomi] AndroidManifest.xml:24:18-48
65        <package android:name="com.miui.securitycenter" />
65-->[:channel:rxsdk_xiaomi] AndroidManifest.xml:25:9-59
65-->[:channel:rxsdk_xiaomi] AndroidManifest.xml:25:18-56
66        <!-- google -->
67        <package android:name="com.google.android.gms" />
67-->[:rxsdk_base] AndroidManifest.xml:18:9-58
67-->[:rxsdk_base] AndroidManifest.xml:18:18-55
68        <package android:name="com.android.vending" /> <!-- freeme -->
68-->[:rxsdk_base] AndroidManifest.xml:19:9-55
68-->[:rxsdk_base] AndroidManifest.xml:19:18-52
69        <package android:name="com.android.creator" /> <!-- zte -->
69-->[:rxsdk_base] AndroidManifest.xml:21:9-55
69-->[:rxsdk_base] AndroidManifest.xml:21:18-52
70        <package android:name="com.mdid.msa" /> <!-- samsung -->
70-->[:rxsdk_base] AndroidManifest.xml:23:9-48
70-->[:rxsdk_base] AndroidManifest.xml:23:18-45
71        <package android:name="com.samsung.android.deviceidservice" /> <!-- coolpad -->
71-->[:rxsdk_base] AndroidManifest.xml:25:9-71
71-->[:rxsdk_base] AndroidManifest.xml:25:18-68
72        <package android:name="com.coolpad.deviceidsupport" /> <!-- oppo -->
72-->[:rxsdk_base] AndroidManifest.xml:27:9-63
72-->[:rxsdk_base] AndroidManifest.xml:27:18-60
73        <package android:name="com.heytap.openid" /> <!-- huawei -->
73-->[:rxsdk_base] AndroidManifest.xml:29:9-53
73-->[:rxsdk_base] AndroidManifest.xml:29:18-50
74        <package android:name="com.huawei.hwid" />
74-->[:rxsdk_base] AndroidManifest.xml:31:9-51
74-->[:rxsdk_base] AndroidManifest.xml:31:18-48
75        <package android:name="com.huawei.hwid.tv" />
75-->[:rxsdk_base] AndroidManifest.xml:32:9-54
75-->[:rxsdk_base] AndroidManifest.xml:32:18-51
76        <package android:name="com.huawei.hms" /> <!-- asus -->
76-->[:rxsdk_base] AndroidManifest.xml:33:9-50
76-->[:rxsdk_base] AndroidManifest.xml:33:18-47
77        <package android:name="com.asus.msa.SupplementaryDID" /> <!-- lenovo -->
77-->[:rxsdk_base] AndroidManifest.xml:35:9-65
77-->[:rxsdk_base] AndroidManifest.xml:35:18-62
78        <package android:name="com.zui.deviceidservice" /> <!-- 游戏中心 -->
78-->[:rxsdk_base] AndroidManifest.xml:37:9-59
78-->[:rxsdk_base] AndroidManifest.xml:37:18-56
79        <package android:name="com.xiaomi.market" />
79-->[com.xiaomi.gamecenter.sdk:mioauth:3.4.7] AndroidManifest.xml:21:9-53
79-->[com.xiaomi.gamecenter.sdk:mioauth:3.4.7] AndroidManifest.xml:21:18-50
80
81        <intent> <!-- H5 支持手淘登录 -->
81-->[com.alipay.sdk:alipaysdk-android:15.8.30] AndroidManifest.xml:10:9-14:18
82            <action android:name="*" />
82-->[com.alipay.sdk:alipaysdk-android:15.8.30] AndroidManifest.xml:11:13-40
82-->[com.alipay.sdk:alipaysdk-android:15.8.30] AndroidManifest.xml:11:21-37
83
84            <data android:scheme="tbopen" />
84-->[:demo:app_rxsdk_demo] AndroidManifest.xml:229:17-52
84-->[:demo:app_rxsdk_demo] AndroidManifest.xml:229:23-49
85        </intent> <!-- 支付宝 app -->
86        <package android:name="com.eg.android.AlipayGphoneRC" /> <!-- 沙箱支付宝 app -->
86-->[com.alipay.sdk:alipaysdk-android:15.8.30] AndroidManifest.xml:17:9-65
86-->[com.alipay.sdk:alipaysdk-android:15.8.30] AndroidManifest.xml:17:18-62
87        <package android:name="hk.alipay.wallet" /> <!-- 香港版支付宝 app -->
87-->[com.alipay.sdk:alipaysdk-android:15.8.30] AndroidManifest.xml:18:9-52
87-->[com.alipay.sdk:alipaysdk-android:15.8.30] AndroidManifest.xml:18:18-49
88        <package android:name="hk.alipay.walletRC" />
88-->[com.alipay.sdk:alipaysdk-android:15.8.30] AndroidManifest.xml:19:9-54
88-->[com.alipay.sdk:alipaysdk-android:15.8.30] AndroidManifest.xml:19:18-51
89    </queries>
90
91    <uses-permission android:name="com.asus.msa.SupplementaryDID.ACCESS" />
91-->[:rxsdk_base] AndroidManifest.xml:12:5-76
91-->[:rxsdk_base] AndroidManifest.xml:12:22-73
92    <uses-permission android:name="freemme.permission.msa" /> <!-- Don't require camera, as this requires a rear camera. This allows it to work on the Nexus 7 -->
92-->[:rxsdk_base] AndroidManifest.xml:13:5-62
92-->[:rxsdk_base] AndroidManifest.xml:13:22-59
93    <uses-feature
93-->[com.journeyapps:zxing-android-embedded:3.4.0] AndroidManifest.xml:24:5-26:36
94        android:name="android.hardware.camera"
94-->[com.journeyapps:zxing-android-embedded:3.4.0] AndroidManifest.xml:25:9-47
95        android:required="false" />
95-->[com.journeyapps:zxing-android-embedded:3.4.0] AndroidManifest.xml:26:9-33
96    <uses-feature
96-->[com.journeyapps:zxing-android-embedded:3.4.0] AndroidManifest.xml:27:5-29:36
97        android:name="android.hardware.camera.front"
97-->[com.journeyapps:zxing-android-embedded:3.4.0] AndroidManifest.xml:28:9-53
98        android:required="false" /> <!-- TODO replace above two with next line after Android 4.2 -->
98-->[com.journeyapps:zxing-android-embedded:3.4.0] AndroidManifest.xml:29:9-33
99    <!-- <uses-feature android:name="android.hardware.camera.any"/> -->
100    <uses-feature
100-->[com.journeyapps:zxing-android-embedded:3.4.0] AndroidManifest.xml:32:5-34:36
101        android:name="android.hardware.camera.autofocus"
101-->[com.journeyapps:zxing-android-embedded:3.4.0] AndroidManifest.xml:33:9-57
102        android:required="false" />
102-->[com.journeyapps:zxing-android-embedded:3.4.0] AndroidManifest.xml:34:9-33
103    <uses-feature
103-->[com.journeyapps:zxing-android-embedded:3.4.0] AndroidManifest.xml:35:5-37:36
104        android:name="android.hardware.camera.flash"
104-->[com.journeyapps:zxing-android-embedded:3.4.0] AndroidManifest.xml:36:9-53
105        android:required="false" />
105-->[com.journeyapps:zxing-android-embedded:3.4.0] AndroidManifest.xml:37:9-33
106    <uses-feature
106-->[com.journeyapps:zxing-android-embedded:3.4.0] AndroidManifest.xml:38:5-40:36
107        android:name="android.hardware.screen.landscape"
107-->[com.journeyapps:zxing-android-embedded:3.4.0] AndroidManifest.xml:39:9-57
108        android:required="false" />
108-->[com.journeyapps:zxing-android-embedded:3.4.0] AndroidManifest.xml:40:9-33
109    <uses-feature
109-->[com.journeyapps:zxing-android-embedded:3.4.0] AndroidManifest.xml:41:5-43:36
110        android:name="android.hardware.wifi"
110-->[com.journeyapps:zxing-android-embedded:3.4.0] AndroidManifest.xml:42:9-45
111        android:required="false" />
111-->[com.journeyapps:zxing-android-embedded:3.4.0] AndroidManifest.xml:43:9-33
112
113    <supports-screens
113-->[com.alipay.sdk:alipaysdk-android:15.8.30] AndroidManifest.xml:22:5-27:39
114        android:anyDensity="true"
114-->[com.alipay.sdk:alipaysdk-android:15.8.30] AndroidManifest.xml:23:9-34
115        android:largeScreens="true"
115-->[com.alipay.sdk:alipaysdk-android:15.8.30] AndroidManifest.xml:24:9-36
116        android:normalScreens="true"
116-->[com.alipay.sdk:alipaysdk-android:15.8.30] AndroidManifest.xml:25:9-37
117        android:resizeable="true"
117-->[com.alipay.sdk:alipaysdk-android:15.8.30] AndroidManifest.xml:26:9-34
118        android:smallScreens="true" />
118-->[com.alipay.sdk:alipaysdk-android:15.8.30] AndroidManifest.xml:27:9-36
119
120    <permission
120-->[com.qq:gdt:1.9.5] AndroidManifest.xml:3:5-109
121        android:name="com.weile.jxmj.gdt.qq.SEND_PERMISSION"
121-->[com.qq:gdt:1.9.5] AndroidManifest.xml:3:17-71
122        android:protectionLevel="signature" />
122-->[com.qq:gdt:1.9.5] AndroidManifest.xml:3:72-107
123    <permission
123-->[com.qq:gdt:1.9.5] AndroidManifest.xml:4:5-112
124        android:name="com.weile.jxmj.gdt.qq.RECEIVE_PERMISSION"
124-->[com.qq:gdt:1.9.5] AndroidManifest.xml:4:17-74
125        android:protectionLevel="signature" /> <!-- 文件读取权限 -->
125-->[com.qq:gdt:1.9.5] AndroidManifest.xml:4:75-110
126    <uses-permission android:name="com.weile.jxmj.gdt.qq.SEND_PERMISSION" />
126-->[com.qq:gdt:1.9.5] AndroidManifest.xml:11:5-78
126-->[com.qq:gdt:1.9.5] AndroidManifest.xml:11:22-76
127    <uses-permission android:name="com.weile.jxmj.gdt.qq.RECEIVE_PERMISSION" />
127-->[com.qq:gdt:1.9.5] AndroidManifest.xml:12:5-81
127-->[com.qq:gdt:1.9.5] AndroidManifest.xml:12:22-79
128
129    <application
129-->src/main/AndroidManifest.xml:6:5-12:19
130        android:name="com.ruixue.demo.MyApplication"
130-->[:demo:app_rxsdk_demo] AndroidManifest.xml:65:9-53
131        android:allowBackup="true"
131-->src/main/AndroidManifest.xml:7:9-35
132        android:appComponentFactory="androidx.core.app.CoreComponentFactory"
132-->[androidx.core:core:1.8.0] AndroidManifest.xml:24:18-86
133        android:extractNativeLibs="false"
134        android:icon="@mipmap/ic_launcher"
134-->[:demo:app_rxsdk_demo] AndroidManifest.xml:66:9-43
135        android:label="@string/app_qipai_name"
135-->src/main/AndroidManifest.xml:8:9-47
136        android:networkSecurityConfig="@xml/network_security_config"
136-->[:demo:app_rxsdk_demo] AndroidManifest.xml:67:9-69
137        android:requestLegacyExternalStorage="true"
137-->[:rxsdk_base] AndroidManifest.xml:41:9-52
138        android:supportsRtl="true"
138-->src/main/AndroidManifest.xml:9:9-35
139        android:usesCleartextTraffic="true" >
139-->[:rxsdk_base] AndroidManifest.xml:42:9-44
140        <activity
140-->[:demo:app_rxsdk_demo] AndroidManifest.xml:71:9-73:40
141            android:name="com.ruixue.demo.activity.LdActivity"
141-->[:demo:app_rxsdk_demo] AndroidManifest.xml:72:13-63
142            android:exported="false" />
142-->[:demo:app_rxsdk_demo] AndroidManifest.xml:73:13-37
143        <activity
143-->[:demo:app_rxsdk_demo] AndroidManifest.xml:74:9-79:55
144            android:name="com.ruixue.demo.activity.ApiDemoV2Activity"
144-->[:demo:app_rxsdk_demo] AndroidManifest.xml:75:13-70
145            android:configChanges="orientation|screenSize|keyboardHidden"
145-->[:demo:app_rxsdk_demo] AndroidManifest.xml:76:13-74
146            android:exported="false"
146-->[:demo:app_rxsdk_demo] AndroidManifest.xml:77:13-37
147            android:screenOrientation="sensor"
147-->[:demo:app_rxsdk_demo] AndroidManifest.xml:78:13-47
148            android:theme="@style/ThemeTranslucent" />
148-->[:demo:app_rxsdk_demo] AndroidManifest.xml:79:13-52
149        <activity
149-->[:demo:app_rxsdk_demo] AndroidManifest.xml:80:9-85:55
150            android:name="com.ruixue.demo.activity.GameAreaActivity"
150-->[:demo:app_rxsdk_demo] AndroidManifest.xml:81:13-69
151            android:configChanges="orientation|screenSize|keyboardHidden"
151-->[:demo:app_rxsdk_demo] AndroidManifest.xml:82:13-74
152            android:exported="false"
152-->[:demo:app_rxsdk_demo] AndroidManifest.xml:83:13-37
153            android:screenOrientation="sensor"
153-->[:demo:app_rxsdk_demo] AndroidManifest.xml:84:13-47
154            android:theme="@style/ThemeTranslucent" />
154-->[:demo:app_rxsdk_demo] AndroidManifest.xml:85:13-52
155        <activity
155-->[:demo:app_rxsdk_demo] AndroidManifest.xml:86:9-91:55
156            android:name="com.ruixue.demo.activity.ShareTestActivity"
156-->[:demo:app_rxsdk_demo] AndroidManifest.xml:87:13-70
157            android:configChanges="orientation|screenSize|keyboardHidden"
157-->[:demo:app_rxsdk_demo] AndroidManifest.xml:88:13-74
158            android:exported="false"
158-->[:demo:app_rxsdk_demo] AndroidManifest.xml:89:13-37
159            android:screenOrientation="sensor"
159-->[:demo:app_rxsdk_demo] AndroidManifest.xml:90:13-47
160            android:theme="@style/ThemeTranslucent" /> <!-- &lt;!&ndash; 填写APPID &ndash;&gt; -->
160-->[:demo:app_rxsdk_demo] AndroidManifest.xml:91:13-52
161        <!-- &lt;!&ndash; 需要将xxid的值定义到string.xml里，否则可能被当成number处理而出错，若您的项目不支持从string.xml中获取，可尝试在数值前添加反斜杠和空格，如：android:value="\ 123456789"。 &ndash;&gt; -->
162        <!-- <meta-data -->
163        <!-- android:name="com.hihonor.iap.sdk.appid" -->
164        <!-- android:value="@string/honor_appid" /> -->
165        <!-- &lt;!&ndash; 填写CPID &ndash;&gt; -->
166        <!-- &lt;!&ndash; 需要将xxid的值定义到string.xml里，否则可能被当成number处理而出错，若您的项目不支持从string.xml中获取，可尝试在数值前添加反斜杠和空格，如：android:value="\ 123456789"。&ndash;&gt; -->
167        <!-- <meta-data -->
168        <!-- android:name="com.hihonor.iap.sdk.cpid" -->
169        <!-- android:value="@string/honor_cpid" /> -->
170        <!-- bilibili -->
171        <!-- &lt;!&ndash; 填写APPID &ndash;&gt; -->
172        <!-- &lt;!&ndash; 需要将xxid的值定义到string.xml里，否则可能被当成number处理而出错，若您的项目不支持从string.xml中获取，可尝试在数值前添加反斜杠和空格，如：android:value="\ 123456789"。 &ndash;&gt; -->
173        <!-- <meta-data -->
174        <!-- android:name="com.hihonor.iap.sdk.appid" -->
175        <!-- android:value="@string/honor_appid" /> -->
176        <!-- &lt;!&ndash; 填写CPID &ndash;&gt; -->
177        <!-- &lt;!&ndash; 需要将xxid的值定义到string.xml里，否则可能被当成number处理而出错，若您的项目不支持从string.xml中获取，可尝试在数值前添加反斜杠和空格，如：android:value="\ 123456789"。&ndash;&gt; -->
178        <!-- <meta-data -->
179        <!-- android:name="com.hihonor.iap.sdk.cpid" -->
180        <!-- android:value="@string/honor_cpid" /> -->
181        <!-- bilibili -->
182        <meta-data
182-->[:demo:app_rxsdk_demo] AndroidManifest.xml:121:9-123:37
183            android:name="BSGameSdk_PaidGame"
183-->[:demo:app_rxsdk_demo] AndroidManifest.xml:122:13-46
184            android:value="false" />
184-->[:demo:app_rxsdk_demo] AndroidManifest.xml:123:13-34
185        <meta-data
185-->[:demo:app_rxsdk_demo] AndroidManifest.xml:124:9-126:35
186            android:name="android.max_aspect"
186-->[:demo:app_rxsdk_demo] AndroidManifest.xml:125:13-46
187            android:value="2.4" />
187-->[:demo:app_rxsdk_demo] AndroidManifest.xml:126:13-32
188        <meta-data
188-->[:demo:app_rxsdk_demo] AndroidManifest.xml:127:9-129:37
189            android:name="com.huawei.agconnect.AccessNetwork"
189-->[:demo:app_rxsdk_demo] AndroidManifest.xml:128:13-62
190            android:value="false" /> <!-- <meta-data -->
190-->[:demo:app_rxsdk_demo] AndroidManifest.xml:129:13-34
191        <!-- android:name="vivoUnionAppId" -->
192        <!-- android:value="104260523" /> -->
193        <meta-data
193-->[:demo:app_rxsdk_demo] AndroidManifest.xml:133:9-135:64
194            android:name="vivoUnionAppId"
194-->[:demo:app_rxsdk_demo] AndroidManifest.xml:134:13-42
195            android:value="ab1f25ff8a0148a15227180692bd3314" /> <!-- ld -->
195-->[:demo:app_rxsdk_demo] AndroidManifest.xml:135:13-61
196        <meta-data
196-->[:demo:app_rxsdk_demo] AndroidManifest.xml:138:9-140:36
197            android:name="LD_GAME_ID"
197-->[:demo:app_rxsdk_demo] AndroidManifest.xml:139:13-38
198            android:value="2227" />
198-->[:demo:app_rxsdk_demo] AndroidManifest.xml:140:13-33
199        <meta-data
199-->[:demo:app_rxsdk_demo] AndroidManifest.xml:141:9-143:38
200            android:name="CHANNEL_ID"
200-->[:demo:app_rxsdk_demo] AndroidManifest.xml:142:13-38
201            android:value="100000" />
201-->[:demo:app_rxsdk_demo] AndroidManifest.xml:143:13-35
202        <meta-data
202-->[:demo:app_rxsdk_demo] AndroidManifest.xml:144:9-146:38
203            android:name="SUN_CHANNEL_ID"
203-->[:demo:app_rxsdk_demo] AndroidManifest.xml:145:13-42
204            android:value="100714" />
204-->[:demo:app_rxsdk_demo] AndroidManifest.xml:146:13-35
205        <meta-data
205-->[:demo:app_rxsdk_demo] AndroidManifest.xml:147:9-149:38
206            android:name="rx_vivo_appid"
206-->[:demo:app_rxsdk_demo] AndroidManifest.xml:148:13-41
207            android:value="100714" />
207-->[:demo:app_rxsdk_demo] AndroidManifest.xml:149:13-35
208        <meta-data
208-->[:demo:app_rxsdk_demo] AndroidManifest.xml:150:9-152:64
209            android:name="rx_oppo_app_secret"
209-->[:demo:app_rxsdk_demo] AndroidManifest.xml:151:13-46
210            android:value="07447c0EC7E3A407FD0c91fe859bcC79" />
210-->[:demo:app_rxsdk_demo] AndroidManifest.xml:152:13-61
211        <meta-data
211-->[:demo:app_rxsdk_demo] AndroidManifest.xml:153:9-155:37
212            android:name="JF_APPID"
212-->[:demo:app_rxsdk_demo] AndroidManifest.xml:154:13-36
213            android:value="81630" /> <!-- 此处替换为 -->
213-->[:demo:app_rxsdk_demo] AndroidManifest.xml:155:13-34
214        <meta-data
214-->[:demo:app_rxsdk_demo] AndroidManifest.xml:156:9-158:64
215            android:name="JF_APPKEY"
215-->[:demo:app_rxsdk_demo] AndroidManifest.xml:157:13-37
216            android:value="6F92ED477A9A6BDD8D7895BF698073E5" />
216-->[:demo:app_rxsdk_demo] AndroidManifest.xml:158:13-61
217        <meta-data
217-->[:demo:app_rxsdk_demo] AndroidManifest.xml:159:9-161:50
218            android:name="uc_game_id"
218-->[:demo:app_rxsdk_demo] AndroidManifest.xml:160:13-38
219            android:value="@string/uc_game_id" />
219-->[:demo:app_rxsdk_demo] AndroidManifest.xml:161:13-47
220        <meta-data
220-->[:demo:app_rxsdk_demo] AndroidManifest.xml:162:9-164:44
221            android:name="adjust_app_token"
221-->[:demo:app_rxsdk_demo] AndroidManifest.xml:163:13-44
222            android:value="a7tay9toq29s" />
222-->[:demo:app_rxsdk_demo] AndroidManifest.xml:164:13-41
223
224        <activity
224-->[:demo:app_rxsdk_demo] AndroidManifest.xml:166:9-170:55
225            android:name="com.ruixue.demo.activity.LoginActivity"
225-->[:demo:app_rxsdk_demo] AndroidManifest.xml:167:13-66
226            android:exported="false"
226-->[:demo:app_rxsdk_demo] AndroidManifest.xml:168:13-37
227            android:launchMode="singleTask"
227-->[:demo:app_rxsdk_demo] AndroidManifest.xml:169:13-44
228            android:theme="@style/ThemeTranslucent" />
228-->[:demo:app_rxsdk_demo] AndroidManifest.xml:170:13-52
229        <activity
229-->[:demo:app_rxsdk_demo] AndroidManifest.xml:171:9-176:55
230            android:name="com.ruixue.demo.activity.NavActivity"
230-->[:demo:app_rxsdk_demo] AndroidManifest.xml:172:13-64
231            android:configChanges="orientation|screenSize|keyboardHidden|screenLayout|navigation|smallestScreenSize|fontScale"
231-->[:demo:app_rxsdk_demo] AndroidManifest.xml:173:13-127
232            android:exported="false"
232-->[:demo:app_rxsdk_demo] AndroidManifest.xml:174:13-37
233            android:launchMode="singleTask"
233-->[:demo:app_rxsdk_demo] AndroidManifest.xml:175:13-44
234            android:theme="@style/ThemeTranslucent" />
234-->[:demo:app_rxsdk_demo] AndroidManifest.xml:176:13-52
235        <activity
235-->[:demo:app_rxsdk_demo] AndroidManifest.xml:177:9-181:55
236            android:name="com.ruixue.demo.activity.CustomCaptureActivity"
236-->[:demo:app_rxsdk_demo] AndroidManifest.xml:178:13-74
237            android:configChanges="orientation|screenSize|keyboardHidden|screenLayout|navigation|smallestScreenSize|fontScale"
237-->[:demo:app_rxsdk_demo] AndroidManifest.xml:179:13-127
238            android:screenOrientation="sensor"
238-->[:demo:app_rxsdk_demo] AndroidManifest.xml:180:13-47
239            android:theme="@style/ThemeTranslucent" />
239-->[:demo:app_rxsdk_demo] AndroidManifest.xml:181:13-52
240        <activity
240-->[:demo:app_rxsdk_demo] AndroidManifest.xml:182:9-186:55
241            android:name="com.ruixue.demo.activity.PromoTestActivity"
241-->[:demo:app_rxsdk_demo] AndroidManifest.xml:183:13-70
242            android:exported="false"
242-->[:demo:app_rxsdk_demo] AndroidManifest.xml:184:13-37
243            android:screenOrientation="sensor"
243-->[:demo:app_rxsdk_demo] AndroidManifest.xml:185:13-47
244            android:theme="@style/ThemeTranslucent" />
244-->[:demo:app_rxsdk_demo] AndroidManifest.xml:186:13-52
245        <activity
245-->[:demo:app_rxsdk_demo] AndroidManifest.xml:187:9-192:55
246            android:name="com.ruixue.demo.activity.SocialTestActivity"
246-->[:demo:app_rxsdk_demo] AndroidManifest.xml:188:13-71
247            android:exported="false"
247-->[:demo:app_rxsdk_demo] AndroidManifest.xml:189:13-37
248            android:launchMode="singleTask"
248-->[:demo:app_rxsdk_demo] AndroidManifest.xml:190:13-44
249            android:screenOrientation="sensor"
249-->[:demo:app_rxsdk_demo] AndroidManifest.xml:191:13-47
250            android:theme="@style/ThemeTranslucent" />
250-->[:demo:app_rxsdk_demo] AndroidManifest.xml:192:13-52
251        <activity
251-->[:demo:app_rxsdk_demo] AndroidManifest.xml:193:9-197:55
252            android:name="com.ruixue.demo.activity.LineActivity"
252-->[:demo:app_rxsdk_demo] AndroidManifest.xml:194:13-65
253            android:exported="false"
253-->[:demo:app_rxsdk_demo] AndroidManifest.xml:195:13-37
254            android:launchMode="singleTask"
254-->[:demo:app_rxsdk_demo] AndroidManifest.xml:196:13-44